CRITICAL - 2020-06-19 02:22:06 --> Undefined variable: slug
#0 D:\Programmer\xampp\htdocs\ci4app\app\Views\komik\index.php(25): CodeIgniter\Debug\Exceptions->errorHandler(8, 'Undefined varia...', 'D:\\Programmer\\x...', 25, Array)
#1 D:\Programmer\xampp\htdocs\ci4app\vendor\codeigniter4\framework\system\View\View.php(246): include('D:\\Programmer\\x...')
#2 D:\Programmer\xampp\htdocs\ci4app\vendor\codeigniter4\framework\system\Common.php(1087): CodeIgniter\View\View->render('komik/index', Array, true)
#3 D:\Programmer\xampp\htdocs\ci4app\app\Controllers\Komik.php(24): view('komik/index', Array)
#4 D:\Programmer\xampp\htdocs\ci4app\vendor\codeigniter4\framework\system\CodeIgniter.php(914): App\Controllers\Komik->index()
#5 D:\Programmer\xampp\htdocs\ci4app\vendor\codeigniter4\framework\system\CodeIgniter.php(400): CodeIgniter\CodeIgniter->runController(Object(App\Controllers\Komik))
#6 D:\Programmer\xampp\htdocs\ci4app\vendor\codeigniter4\framework\system\CodeIgniter.php(308): CodeIgniter\CodeIgniter->handleRequest(NULL, Object(Config\Cache), false)
#7 D:\Programmer\xampp\htdocs\ci4app\public\index.php(45): CodeIgniter\CodeIgniter->run()
#8 D:\Programmer\xampp\htdocs\ci4app\vendor\codeigniter4\framework\system\Commands\Server\rewrite.php(34): require_once('D:\\Programmer\\x...')
#9 {main}
CRITICAL - 2020-06-19 02:35:39 --> Trying to access array offset on value of type null
#0 D:\Programmer\xampp\htdocs\ci4app\app\Views\komik\detail.php(7): CodeIgniter\Debug\Exceptions->errorHandler(8, 'Trying to acces...', 'D:\\Programmer\\x...', 7, Array)
#1 D:\Programmer\xampp\htdocs\ci4app\vendor\codeigniter4\framework\system\View\View.php(246): include('D:\\Programmer\\x...')
#2 D:\Programmer\xampp\htdocs\ci4app\vendor\codeigniter4\framework\system\Common.php(1087): CodeIgniter\View\View->render('komik/detail', Array, true)
#3 D:\Programmer\xampp\htdocs\ci4app\app\Controllers\Komik.php(34): view('komik/detail', Array)
#4 D:\Programmer\xampp\htdocs\ci4app\vendor\codeigniter4\framework\system\CodeIgniter.php(914): App\Controllers\Komik->detail('onepiece.jpg')
#5 D:\Programmer\xampp\htdocs\ci4app\vendor\codeigniter4\framework\system\CodeIgniter.php(400): CodeIgniter\CodeIgniter->runController(Object(App\Controllers\Komik))
#6 D:\Programmer\xampp\htdocs\ci4app\vendor\codeigniter4\framework\system\CodeIgniter.php(308): CodeIgniter\CodeIgniter->handleRequest(NULL, Object(Config\Cache), false)
#7 D:\Programmer\xampp\htdocs\ci4app\public\index.php(45): CodeIgniter\CodeIgniter->run()
#8 D:\Programmer\xampp\htdocs\ci4app\vendor\codeigniter4\framework\system\Commands\Server\rewrite.php(34): require_once('D:\\Programmer\\x...')
#9 {main}
CRITICAL - 2020-06-19 02:37:14 --> Undefined variable: title
#0 D:\Programmer\xampp\htdocs\ci4app\app\Views\layout\template.php(15): CodeIgniter\Debug\Exceptions->errorHandler(8, 'Undefined varia...', 'D:\\Programmer\\x...', 15, Array)
#1 D:\Programmer\xampp\htdocs\ci4app\vendor\codeigniter4\framework\system\View\View.php(246): include('D:\\Programmer\\x...')
#2 D:\Programmer\xampp\htdocs\ci4app\vendor\codeigniter4\framework\system\View\View.php(257): CodeIgniter\View\View->render('layout/template', Array, true)
#3 D:\Programmer\xampp\htdocs\ci4app\vendor\codeigniter4\framework\system\Common.php(1087): CodeIgniter\View\View->render('komik/detail', Array, true)
#4 D:\Programmer\xampp\htdocs\ci4app\app\Controllers\Komik.php(34): view('komik/detail', Array)
#5 D:\Programmer\xampp\htdocs\ci4app\vendor\codeigniter4\framework\system\CodeIgniter.php(914): App\Controllers\Komik->detail('doraemon')
#6 D:\Programmer\xampp\htdocs\ci4app\vendor\codeigniter4\framework\system\CodeIgniter.php(400): CodeIgniter\CodeIgniter->runController(Object(App\Controllers\Komik))
#7 D:\Programmer\xampp\htdocs\ci4app\vendor\codeigniter4\framework\system\CodeIgniter.php(308): CodeIgniter\CodeIgniter->handleRequest(NULL, Object(Config\Cache), false)
#8 D:\Programmer\xampp\htdocs\ci4app\public\index.php(45): CodeIgniter\CodeIgniter->run()
#9 D:\Programmer\xampp\htdocs\ci4app\vendor\codeigniter4\framework\system\Commands\Server\rewrite.php(34): require_once('D:\\Programmer\\x...')
#10 {main}
CRITICAL - 2020-06-19 02:37:52 --> Undefined variable: title
#0 D:\Programmer\xampp\htdocs\ci4app\app\Views\layout\template.php(15): CodeIgniter\Debug\Exceptions->errorHandler(8, 'Undefined varia...', 'D:\\Programmer\\x...', 15, Array)
#1 D:\Programmer\xampp\htdocs\ci4app\vendor\codeigniter4\framework\system\View\View.php(246): include('D:\\Programmer\\x...')
#2 D:\Programmer\xampp\htdocs\ci4app\vendor\codeigniter4\framework\system\View\View.php(257): CodeIgniter\View\View->render('layout/template', Array, true)
#3 D:\Programmer\xampp\htdocs\ci4app\vendor\codeigniter4\framework\system\Common.php(1087): CodeIgniter\View\View->render('komik/detail', Array, true)
#4 D:\Programmer\xampp\htdocs\ci4app\app\Controllers\Komik.php(34): view('komik/detail', Array)
#5 D:\Programmer\xampp\htdocs\ci4app\vendor\codeigniter4\framework\system\CodeIgniter.php(914): App\Controllers\Komik->detail('doraemon')
#6 D:\Programmer\xampp\htdocs\ci4app\vendor\codeigniter4\framework\system\CodeIgniter.php(400): CodeIgniter\CodeIgniter->runController(Object(App\Controllers\Komik))
#7 D:\Programmer\xampp\htdocs\ci4app\vendor\codeigniter4\framework\system\CodeIgniter.php(308): CodeIgniter\CodeIgniter->handleRequest(NULL, Object(Config\Cache), false)
#8 D:\Programmer\xampp\htdocs\ci4app\public\index.php(45): CodeIgniter\CodeIgniter->run()
#9 D:\Programmer\xampp\htdocs\ci4app\vendor\codeigniter4\framework\system\Commands\Server\rewrite.php(34): require_once('D:\\Programmer\\x...')
#10 {main}
CRITICAL - 2020-06-19 02:37:55 --> Undefined variable: title
#0 D:\Programmer\xampp\htdocs\ci4app\app\Views\layout\template.php(15): CodeIgniter\Debug\Exceptions->errorHandler(8, 'Undefined varia...', 'D:\\Programmer\\x...', 15, Array)
#1 D:\Programmer\xampp\htdocs\ci4app\vendor\codeigniter4\framework\system\View\View.php(246): include('D:\\Programmer\\x...')
#2 D:\Programmer\xampp\htdocs\ci4app\vendor\codeigniter4\framework\system\View\View.php(257): CodeIgniter\View\View->render('layout/template', Array, true)
#3 D:\Programmer\xampp\htdocs\ci4app\vendor\codeigniter4\framework\system\Common.php(1087): CodeIgniter\View\View->render('komik/detail', Array, true)
#4 D:\Programmer\xampp\htdocs\ci4app\app\Controllers\Komik.php(34): view('komik/detail', Array)
#5 D:\Programmer\xampp\htdocs\ci4app\vendor\codeigniter4\framework\system\CodeIgniter.php(914): App\Controllers\Komik->detail('naruto')
#6 D:\Programmer\xampp\htdocs\ci4app\vendor\codeigniter4\framework\system\CodeIgniter.php(400): CodeIgniter\CodeIgniter->runController(Object(App\Controllers\Komik))
#7 D:\Programmer\xampp\htdocs\ci4app\vendor\codeigniter4\framework\system\CodeIgniter.php(308): CodeIgniter\CodeIgniter->handleRequest(NULL, Object(Config\Cache), false)
#8 D:\Programmer\xampp\htdocs\ci4app\public\index.php(45): CodeIgniter\CodeIgniter->run()
#9 D:\Programmer\xampp\htdocs\ci4app\vendor\codeigniter4\framework\system\Commands\Server\rewrite.php(34): require_once('D:\\Programmer\\x...')
#10 {main}
CRITICAL - 2020-06-19 02:38:53 --> Undefined variable: title
#0 D:\Programmer\xampp\htdocs\ci4app\app\Views\layout\template.php(15): CodeIgniter\Debug\Exceptions->errorHandler(8, 'Undefined varia...', 'D:\\Programmer\\x...', 15, Array)
#1 D:\Programmer\xampp\htdocs\ci4app\vendor\codeigniter4\framework\system\View\View.php(246): include('D:\\Programmer\\x...')
#2 D:\Programmer\xampp\htdocs\ci4app\vendor\codeigniter4\framework\system\View\View.php(257): CodeIgniter\View\View->render('layout/template', Array, true)
#3 D:\Programmer\xampp\htdocs\ci4app\vendor\codeigniter4\framework\system\Common.php(1087): CodeIgniter\View\View->render('komik/detail', Array, true)
#4 D:\Programmer\xampp\htdocs\ci4app\app\Controllers\Komik.php(34): view('komik/detail', Array)
#5 D:\Programmer\xampp\htdocs\ci4app\vendor\codeigniter4\framework\system\CodeIgniter.php(914): App\Controllers\Komik->detail('naruto')
#6 D:\Programmer\xampp\htdocs\ci4app\vendor\codeigniter4\framework\system\CodeIgniter.php(400): CodeIgniter\CodeIgniter->runController(Object(App\Controllers\Komik))
#7 D:\Programmer\xampp\htdocs\ci4app\vendor\codeigniter4\framework\system\CodeIgniter.php(308): CodeIgniter\CodeIgniter->handleRequest(NULL, Object(Config\Cache), false)
#8 D:\Programmer\xampp\htdocs\ci4app\public\index.php(45): CodeIgniter\CodeIgniter->run()
#9 D:\Programmer\xampp\htdocs\ci4app\vendor\codeigniter4\framework\system\Commands\Server\rewrite.php(34): require_once('D:\\Programmer\\x...')
#10 {main}
CRITICAL - 2020-06-19 02:40:31 --> Undefined variable: title
#0 D:\Programmer\xampp\htdocs\ci4app\app\Views\layout\template.php(15): CodeIgniter\Debug\Exceptions->errorHandler(8, 'Undefined varia...', 'D:\\Programmer\\x...', 15, Array)
#1 D:\Programmer\xampp\htdocs\ci4app\vendor\codeigniter4\framework\system\View\View.php(246): include('D:\\Programmer\\x...')
#2 D:\Programmer\xampp\htdocs\ci4app\vendor\codeigniter4\framework\system\View\View.php(257): CodeIgniter\View\View->render('layout/template', Array, true)
#3 D:\Programmer\xampp\htdocs\ci4app\vendor\codeigniter4\framework\system\Common.php(1087): CodeIgniter\View\View->render('komik/detail', Array, true)
#4 D:\Programmer\xampp\htdocs\ci4app\app\Controllers\Komik.php(34): view('komik/detail', Array)
#5 D:\Programmer\xampp\htdocs\ci4app\vendor\codeigniter4\framework\system\CodeIgniter.php(914): App\Controllers\Komik->detail('naruto')
#6 D:\Programmer\xampp\htdocs\ci4app\vendor\codeigniter4\framework\system\CodeIgniter.php(400): CodeIgniter\CodeIgniter->runController(Object(App\Controllers\Komik))
#7 D:\Programmer\xampp\htdocs\ci4app\vendor\codeigniter4\framework\system\CodeIgniter.php(308): CodeIgniter\CodeIgniter->handleRequest(NULL, Object(Config\Cache), false)
#8 D:\Programmer\xampp\htdocs\ci4app\public\index.php(45): CodeIgniter\CodeIgniter->run()
#9 D:\Programmer\xampp\htdocs\ci4app\vendor\codeigniter4\framework\system\Commands\Server\rewrite.php(34): require_once('D:\\Programmer\\x...')
#10 {main}
CRITICAL - 2020-06-19 02:43:24 --> Undefined variable: title
#0 D:\Programmer\xampp\htdocs\ci4app\app\Views\layout\template.php(15): CodeIgniter\Debug\Exceptions->errorHandler(8, 'Undefined varia...', 'D:\\Programmer\\x...', 15, Array)
#1 D:\Programmer\xampp\htdocs\ci4app\vendor\codeigniter4\framework\system\View\View.php(246): include('D:\\Programmer\\x...')
#2 D:\Programmer\xampp\htdocs\ci4app\vendor\codeigniter4\framework\system\View\View.php(257): CodeIgniter\View\View->render('layout/template', Array, true)
#3 D:\Programmer\xampp\htdocs\ci4app\vendor\codeigniter4\framework\system\Common.php(1087): CodeIgniter\View\View->render('komik/detail', Array, true)
#4 D:\Programmer\xampp\htdocs\ci4app\app\Controllers\Komik.php(34): view('komik/detail', Array)
#5 D:\Programmer\xampp\htdocs\ci4app\vendor\codeigniter4\framework\system\CodeIgniter.php(914): App\Controllers\Komik->detail('naruto')
#6 D:\Programmer\xampp\htdocs\ci4app\vendor\codeigniter4\framework\system\CodeIgniter.php(400): CodeIgniter\CodeIgniter->runController(Object(App\Controllers\Komik))
#7 D:\Programmer\xampp\htdocs\ci4app\vendor\codeigniter4\framework\system\CodeIgniter.php(308): CodeIgniter\CodeIgniter->handleRequest(NULL, Object(Config\Cache), false)
#8 D:\Programmer\xampp\htdocs\ci4app\public\index.php(45): CodeIgniter\CodeIgniter->run()
#9 D:\Programmer\xampp\htdocs\ci4app\vendor\codeigniter4\framework\system\Commands\Server\rewrite.php(34): require_once('D:\\Programmer\\x...')
#10 {main}
CRITICAL - 2020-06-19 02:43:32 --> Undefined variable: title
#0 D:\Programmer\xampp\htdocs\ci4app\app\Views\layout\template.php(15): CodeIgniter\Debug\Exceptions->errorHandler(8, 'Undefined varia...', 'D:\\Programmer\\x...', 15, Array)
#1 D:\Programmer\xampp\htdocs\ci4app\vendor\codeigniter4\framework\system\View\View.php(246): include('D:\\Programmer\\x...')
#2 D:\Programmer\xampp\htdocs\ci4app\vendor\codeigniter4\framework\system\View\View.php(257): CodeIgniter\View\View->render('layout/template', Array, true)
#3 D:\Programmer\xampp\htdocs\ci4app\vendor\codeigniter4\framework\system\Common.php(1087): CodeIgniter\View\View->render('komik/detail', Array, true)
#4 D:\Programmer\xampp\htdocs\ci4app\app\Controllers\Komik.php(34): view('komik/detail', Array)
#5 D:\Programmer\xampp\htdocs\ci4app\vendor\codeigniter4\framework\system\CodeIgniter.php(914): App\Controllers\Komik->detail('naruto')
#6 D:\Programmer\xampp\htdocs\ci4app\vendor\codeigniter4\framework\system\CodeIgniter.php(400): CodeIgniter\CodeIgniter->runController(Object(App\Controllers\Komik))
#7 D:\Programmer\xampp\htdocs\ci4app\vendor\codeigniter4\framework\system\CodeIgniter.php(308): CodeIgniter\CodeIgniter->handleRequest(NULL, Object(Config\Cache), false)
#8 D:\Programmer\xampp\htdocs\ci4app\public\index.php(45): CodeIgniter\CodeIgniter->run()
#9 D:\Programmer\xampp\htdocs\ci4app\vendor\codeigniter4\framework\system\Commands\Server\rewrite.php(34): require_once('D:\\Programmer\\x...')
#10 {main}
CRITICAL - 2020-06-19 02:59:41 --> Undefined variable: title
#0 D:\Programmer\xampp\htdocs\ci4app\app\Views\komik\detail.php(24): CodeIgniter\Debug\Exceptions->errorHandler(8, 'Undefined varia...', 'D:\\Programmer\\x...', 24, Array)
#1 D:\Programmer\xampp\htdocs\ci4app\vendor\codeigniter4\framework\system\View\View.php(246): include('D:\\Programmer\\x...')
#2 D:\Programmer\xampp\htdocs\ci4app\vendor\codeigniter4\framework\system\Common.php(1087): CodeIgniter\View\View->render('komik/detail', Array, true)
#3 D:\Programmer\xampp\htdocs\ci4app\app\Controllers\Komik.php(34): view('komik/detail', Array)
#4 D:\Programmer\xampp\htdocs\ci4app\vendor\codeigniter4\framework\system\CodeIgniter.php(914): App\Controllers\Komik->detail('naruto')
#5 D:\Programmer\xampp\htdocs\ci4app\vendor\codeigniter4\framework\system\CodeIgniter.php(400): CodeIgniter\CodeIgniter->runController(Object(App\Controllers\Komik))
#6 D:\Programmer\xampp\htdocs\ci4app\vendor\codeigniter4\framework\system\CodeIgniter.php(308): CodeIgniter\CodeIgniter->handleRequest(NULL, Object(Config\Cache), false)
#7 D:\Programmer\xampp\htdocs\ci4app\public\index.php(45): CodeIgniter\CodeIgniter->run()
#8 D:\Programmer\xampp\htdocs\ci4app\vendor\codeigniter4\framework\system\Commands\Server\rewrite.php(34): require_once('D:\\Programmer\\x...')
#9 {main}
CRITICAL - 2020-06-19 02:59:49 --> Undefined variable: title
#0 D:\Programmer\xampp\htdocs\ci4app\app\Views\layout\template.php(15): CodeIgniter\Debug\Exceptions->errorHandler(8, 'Undefined varia...', 'D:\\Programmer\\x...', 15, Array)
#1 D:\Programmer\xampp\htdocs\ci4app\vendor\codeigniter4\framework\system\View\View.php(246): include('D:\\Programmer\\x...')
#2 D:\Programmer\xampp\htdocs\ci4app\vendor\codeigniter4\framework\system\View\View.php(257): CodeIgniter\View\View->render('layout/template', Array, true)
#3 D:\Programmer\xampp\htdocs\ci4app\vendor\codeigniter4\framework\system\Common.php(1087): CodeIgniter\View\View->render('komik/detail', Array, true)
#4 D:\Programmer\xampp\htdocs\ci4app\app\Controllers\Komik.php(34): view('komik/detail', Array)
#5 D:\Programmer\xampp\htdocs\ci4app\vendor\codeigniter4\framework\system\CodeIgniter.php(914): App\Controllers\Komik->detail('naruto')
#6 D:\Programmer\xampp\htdocs\ci4app\vendor\codeigniter4\framework\system\CodeIgniter.php(400): CodeIgniter\CodeIgniter->runController(Object(App\Controllers\Komik))
#7 D:\Programmer\xampp\htdocs\ci4app\vendor\codeigniter4\framework\system\CodeIgniter.php(308): CodeIgniter\CodeIgniter->handleRequest(NULL, Object(Config\Cache), false)
#8 D:\Programmer\xampp\htdocs\ci4app\public\index.php(45): CodeIgniter\CodeIgniter->run()
#9 D:\Programmer\xampp\htdocs\ci4app\vendor\codeigniter4\framework\system\Commands\Server\rewrite.php(34): require_once('D:\\Programmer\\x...')
#10 {main}
CRITICAL - 2020-06-19 03:00:11 --> Undefined variable: title
#0 D:\Programmer\xampp\htdocs\ci4app\app\Views\layout\template.php(15): CodeIgniter\Debug\Exceptions->errorHandler(8, 'Undefined varia...', 'D:\\Programmer\\x...', 15, Array)
#1 D:\Programmer\xampp\htdocs\ci4app\vendor\codeigniter4\framework\system\View\View.php(246): include('D:\\Programmer\\x...')
#2 D:\Programmer\xampp\htdocs\ci4app\vendor\codeigniter4\framework\system\View\View.php(257): CodeIgniter\View\View->render('layout/template', Array, true)
#3 D:\Programmer\xampp\htdocs\ci4app\vendor\codeigniter4\framework\system\Common.php(1087): CodeIgniter\View\View->render('komik/detail', Array, true)
#4 D:\Programmer\xampp\htdocs\ci4app\app\Controllers\Komik.php(34): view('komik/detail', Array)
#5 D:\Programmer\xampp\htdocs\ci4app\vendor\codeigniter4\framework\system\CodeIgniter.php(914): App\Controllers\Komik->detail('naruto')
#6 D:\Programmer\xampp\htdocs\ci4app\vendor\codeigniter4\framework\system\CodeIgniter.php(400): CodeIgniter\CodeIgniter->runController(Object(App\Controllers\Komik))
#7 D:\Programmer\xampp\htdocs\ci4app\vendor\codeigniter4\framework\system\CodeIgniter.php(308): CodeIgniter\CodeIgniter->handleRequest(NULL, Object(Config\Cache), false)
#8 D:\Programmer\xampp\htdocs\ci4app\public\index.php(45): CodeIgniter\CodeIgniter->run()
#9 D:\Programmer\xampp\htdocs\ci4app\vendor\codeigniter4\framework\system\Commands\Server\rewrite.php(34): require_once('D:\\Programmer\\x...')
#10 {main}
CRITICAL - 2020-06-19 03:01:29 --> Undefined variable: title
#0 D:\Programmer\xampp\htdocs\ci4app\app\Views\layout\template.php(15): CodeIgniter\Debug\Exceptions->errorHandler(8, 'Undefined varia...', 'D:\\Programmer\\x...', 15, Array)
#1 D:\Programmer\xampp\htdocs\ci4app\vendor\codeigniter4\framework\system\View\View.php(246): include('D:\\Programmer\\x...')
#2 D:\Programmer\xampp\htdocs\ci4app\vendor\codeigniter4\framework\system\View\View.php(257): CodeIgniter\View\View->render('layout/template', Array, true)
#3 D:\Programmer\xampp\htdocs\ci4app\vendor\codeigniter4\framework\system\Common.php(1087): CodeIgniter\View\View->render('komik/detail', Array, true)
#4 D:\Programmer\xampp\htdocs\ci4app\app\Controllers\Komik.php(34): view('komik/detail', Array)
#5 D:\Programmer\xampp\htdocs\ci4app\vendor\codeigniter4\framework\system\CodeIgniter.php(914): App\Controllers\Komik->detail('naruto')
#6 D:\Programmer\xampp\htdocs\ci4app\vendor\codeigniter4\framework\system\CodeIgniter.php(400): CodeIgniter\CodeIgniter->runController(Object(App\Controllers\Komik))
#7 D:\Programmer\xampp\htdocs\ci4app\vendor\codeigniter4\framework\system\CodeIgniter.php(308): CodeIgniter\CodeIgniter->handleRequest(NULL, Object(Config\Cache), false)
#8 D:\Programmer\xampp\htdocs\ci4app\public\index.php(45): CodeIgniter\CodeIgniter->run()
#9 D:\Programmer\xampp\htdocs\ci4app\vendor\codeigniter4\framework\system\Commands\Server\rewrite.php(34): require_once('D:\\Programmer\\x...')
#10 {main}
CRITICAL - 2020-06-19 03:01:30 --> Undefined variable: title
#0 D:\Programmer\xampp\htdocs\ci4app\app\Views\layout\template.php(15): CodeIgniter\Debug\Exceptions->errorHandler(8, 'Undefined varia...', 'D:\\Programmer\\x...', 15, Array)
#1 D:\Programmer\xampp\htdocs\ci4app\vendor\codeigniter4\framework\system\View\View.php(246): include('D:\\Programmer\\x...')
#2 D:\Programmer\xampp\htdocs\ci4app\vendor\codeigniter4\framework\system\View\View.php(257): CodeIgniter\View\View->render('layout/template', Array, true)
#3 D:\Programmer\xampp\htdocs\ci4app\vendor\codeigniter4\framework\system\Common.php(1087): CodeIgniter\View\View->render('komik/detail', Array, true)
#4 D:\Programmer\xampp\htdocs\ci4app\app\Controllers\Komik.php(34): view('komik/detail', Array)
#5 D:\Programmer\xampp\htdocs\ci4app\vendor\codeigniter4\framework\system\CodeIgniter.php(914): App\Controllers\Komik->detail('naruto')
#6 D:\Programmer\xampp\htdocs\ci4app\vendor\codeigniter4\framework\system\CodeIgniter.php(400): CodeIgniter\CodeIgniter->runController(Object(App\Controllers\Komik))
#7 D:\Programmer\xampp\htdocs\ci4app\vendor\codeigniter4\framework\system\CodeIgniter.php(308): CodeIgniter\CodeIgniter->handleRequest(NULL, Object(Config\Cache), false)
#8 D:\Programmer\xampp\htdocs\ci4app\public\index.php(45): CodeIgniter\CodeIgniter->run()
#9 D:\Programmer\xampp\htdocs\ci4app\vendor\codeigniter4\framework\system\Commands\Server\rewrite.php(34): require_once('D:\\Programmer\\x...')
#10 {main}
CRITICAL - 2020-06-19 03:02:33 --> Undefined property: CodeIgniter\View\View::$Daftar Komik
#0 D:\Programmer\xampp\htdocs\ci4app\app\Views\layout\template.php(15): CodeIgniter\Debug\Exceptions->errorHandler(8, 'Undefined prope...', 'D:\\Programmer\\x...', 15, Array)
#1 D:\Programmer\xampp\htdocs\ci4app\vendor\codeigniter4\framework\system\View\View.php(246): include('D:\\Programmer\\x...')
#2 D:\Programmer\xampp\htdocs\ci4app\vendor\codeigniter4\framework\system\View\View.php(257): CodeIgniter\View\View->render('layout/template', Array, true)
#3 D:\Programmer\xampp\htdocs\ci4app\vendor\codeigniter4\framework\system\Common.php(1087): CodeIgniter\View\View->render('komik/index', Array, true)
#4 D:\Programmer\xampp\htdocs\ci4app\app\Controllers\Komik.php(24): view('komik/index', Array)
#5 D:\Programmer\xampp\htdocs\ci4app\vendor\codeigniter4\framework\system\CodeIgniter.php(914): App\Controllers\Komik->index()
#6 D:\Programmer\xampp\htdocs\ci4app\vendor\codeigniter4\framework\system\CodeIgniter.php(400): CodeIgniter\CodeIgniter->runController(Object(App\Controllers\Komik))
#7 D:\Programmer\xampp\htdocs\ci4app\vendor\codeigniter4\framework\system\CodeIgniter.php(308): CodeIgniter\CodeIgniter->handleRequest(NULL, Object(Config\Cache), false)
#8 D:\Programmer\xampp\htdocs\ci4app\public\index.php(45): CodeIgniter\CodeIgniter->run()
#9 D:\Programmer\xampp\htdocs\ci4app\vendor\codeigniter4\framework\system\Commands\Server\rewrite.php(34): require_once('D:\\Programmer\\x...')
#10 {main}
CRITICAL - 2020-06-19 03:02:45 --> Undefined property: CodeIgniter\View\View::$Daftar Komik
#0 D:\Programmer\xampp\htdocs\ci4app\app\Views\layout\template.php(15): CodeIgniter\Debug\Exceptions->errorHandler(8, 'Undefined prope...', 'D:\\Programmer\\x...', 15, Array)
#1 D:\Programmer\xampp\htdocs\ci4app\vendor\codeigniter4\framework\system\View\View.php(246): include('D:\\Programmer\\x...')
#2 D:\Programmer\xampp\htdocs\ci4app\vendor\codeigniter4\framework\system\View\View.php(257): CodeIgniter\View\View->render('layout/template', Array, true)
#3 D:\Programmer\xampp\htdocs\ci4app\vendor\codeigniter4\framework\system\Common.php(1087): CodeIgniter\View\View->render('komik/index', Array, true)
#4 D:\Programmer\xampp\htdocs\ci4app\app\Controllers\Komik.php(24): view('komik/index', Array)
#5 D:\Programmer\xampp\htdocs\ci4app\vendor\codeigniter4\framework\system\CodeIgniter.php(914): App\Controllers\Komik->index()
#6 D:\Programmer\xampp\htdocs\ci4app\vendor\codeigniter4\framework\system\CodeIgniter.php(400): CodeIgniter\CodeIgniter->runController(Object(App\Controllers\Komik))
#7 D:\Programmer\xampp\htdocs\ci4app\vendor\codeigniter4\framework\system\CodeIgniter.php(308): CodeIgniter\CodeIgniter->handleRequest(NULL, Object(Config\Cache), false)
#8 D:\Programmer\xampp\htdocs\ci4app\public\index.php(45): CodeIgniter\CodeIgniter->run()
#9 D:\Programmer\xampp\htdocs\ci4app\vendor\codeigniter4\framework\system\Commands\Server\rewrite.php(34): require_once('D:\\Programmer\\x...')
#10 {main}
CRITICAL - 2020-06-19 03:02:47 --> Undefined property: CodeIgniter\View\View::$Daftar Komik
#0 D:\Programmer\xampp\htdocs\ci4app\app\Views\layout\template.php(15): CodeIgniter\Debug\Exceptions->errorHandler(8, 'Undefined prope...', 'D:\\Programmer\\x...', 15, Array)
#1 D:\Programmer\xampp\htdocs\ci4app\vendor\codeigniter4\framework\system\View\View.php(246): include('D:\\Programmer\\x...')
#2 D:\Programmer\xampp\htdocs\ci4app\vendor\codeigniter4\framework\system\View\View.php(257): CodeIgniter\View\View->render('layout/template', Array, true)
#3 D:\Programmer\xampp\htdocs\ci4app\vendor\codeigniter4\framework\system\Common.php(1087): CodeIgniter\View\View->render('komik/index', Array, true)
#4 D:\Programmer\xampp\htdocs\ci4app\app\Controllers\Komik.php(24): view('komik/index', Array)
#5 D:\Programmer\xampp\htdocs\ci4app\vendor\codeigniter4\framework\system\CodeIgniter.php(914): App\Controllers\Komik->index()
#6 D:\Programmer\xampp\htdocs\ci4app\vendor\codeigniter4\framework\system\CodeIgniter.php(400): CodeIgniter\CodeIgniter->runController(Object(App\Controllers\Komik))
#7 D:\Programmer\xampp\htdocs\ci4app\vendor\codeigniter4\framework\system\CodeIgniter.php(308): CodeIgniter\CodeIgniter->handleRequest(NULL, Object(Config\Cache), false)
#8 D:\Programmer\xampp\htdocs\ci4app\public\index.php(45): CodeIgniter\CodeIgniter->run()
#9 D:\Programmer\xampp\htdocs\ci4app\vendor\codeigniter4\framework\system\Commands\Server\rewrite.php(34): require_once('D:\\Programmer\\x...')
#10 {main}
CRITICAL - 2020-06-19 03:02:51 --> Undefined property: CodeIgniter\View\View::$Home | Ca'am Vilvact D'Javu
#0 D:\Programmer\xampp\htdocs\ci4app\app\Views\layout\template.php(15): CodeIgniter\Debug\Exceptions->errorHandler(8, 'Undefined prope...', 'D:\\Programmer\\x...', 15, Array)
#1 D:\Programmer\xampp\htdocs\ci4app\vendor\codeigniter4\framework\system\View\View.php(246): include('D:\\Programmer\\x...')
#2 D:\Programmer\xampp\htdocs\ci4app\vendor\codeigniter4\framework\system\View\View.php(257): CodeIgniter\View\View->render('layout/template', Array, true)
#3 D:\Programmer\xampp\htdocs\ci4app\vendor\codeigniter4\framework\system\Common.php(1087): CodeIgniter\View\View->render('pages/home', Array, true)
#4 D:\Programmer\xampp\htdocs\ci4app\app\Controllers\Pages.php(13): view('pages/home', Array)
#5 D:\Programmer\xampp\htdocs\ci4app\vendor\codeigniter4\framework\system\CodeIgniter.php(914): App\Controllers\Pages->index()
#6 D:\Programmer\xampp\htdocs\ci4app\vendor\codeigniter4\framework\system\CodeIgniter.php(400): CodeIgniter\CodeIgniter->runController(Object(App\Controllers\Pages))
#7 D:\Programmer\xampp\htdocs\ci4app\vendor\codeigniter4\framework\system\CodeIgniter.php(308): CodeIgniter\CodeIgniter->handleRequest(NULL, Object(Config\Cache), false)
#8 D:\Programmer\xampp\htdocs\ci4app\public\index.php(45): CodeIgniter\CodeIgniter->run()
#9 D:\Programmer\xampp\htdocs\ci4app\vendor\codeigniter4\framework\system\Commands\Server\rewrite.php(34): require_once('D:\\Programmer\\x...')
#10 {main}
CRITICAL - 2020-06-19 03:03:15 --> Undefined variable: title
#0 D:\Programmer\xampp\htdocs\ci4app\app\Views\layout\template.php(15): CodeIgniter\Debug\Exceptions->errorHandler(8, 'Undefined varia...', 'D:\\Programmer\\x...', 15, Array)
#1 D:\Programmer\xampp\htdocs\ci4app\vendor\codeigniter4\framework\system\View\View.php(246): include('D:\\Programmer\\x...')
#2 D:\Programmer\xampp\htdocs\ci4app\vendor\codeigniter4\framework\system\View\View.php(257): CodeIgniter\View\View->render('layout/template', Array, true)
#3 D:\Programmer\xampp\htdocs\ci4app\vendor\codeigniter4\framework\system\Common.php(1087): CodeIgniter\View\View->render('komik/detail', Array, true)
#4 D:\Programmer\xampp\htdocs\ci4app\app\Controllers\Komik.php(34): view('komik/detail', Array)
#5 D:\Programmer\xampp\htdocs\ci4app\vendor\codeigniter4\framework\system\CodeIgniter.php(914): App\Controllers\Komik->detail('naruto')
#6 D:\Programmer\xampp\htdocs\ci4app\vendor\codeigniter4\framework\system\CodeIgniter.php(400): CodeIgniter\CodeIgniter->runController(Object(App\Controllers\Komik))
#7 D:\Programmer\xampp\htdocs\ci4app\vendor\codeigniter4\framework\system\CodeIgniter.php(308): CodeIgniter\CodeIgniter->handleRequest(NULL, Object(Config\Cache), false)
#8 D:\Programmer\xampp\htdocs\ci4app\public\index.php(45): CodeIgniter\CodeIgniter->run()
#9 D:\Programmer\xampp\htdocs\ci4app\vendor\codeigniter4\framework\system\Commands\Server\rewrite.php(34): require_once('D:\\Programmer\\x...')
#10 {main}
CRITICAL - 2020-06-19 03:04:53 --> Undefined variable: title
#0 D:\Programmer\xampp\htdocs\ci4app\app\Views\layout\template.php(15): CodeIgniter\Debug\Exceptions->errorHandler(8, 'Undefined varia...', 'D:\\Programmer\\x...', 15, Array)
#1 D:\Programmer\xampp\htdocs\ci4app\vendor\codeigniter4\framework\system\View\View.php(246): include('D:\\Programmer\\x...')
#2 D:\Programmer\xampp\htdocs\ci4app\vendor\codeigniter4\framework\system\View\View.php(257): CodeIgniter\View\View->render('layout/template', Array, true)
#3 D:\Programmer\xampp\htdocs\ci4app\vendor\codeigniter4\framework\system\Common.php(1087): CodeIgniter\View\View->render('komik/detail', Array, true)
#4 D:\Programmer\xampp\htdocs\ci4app\app\Controllers\Komik.php(34): view('komik/detail', Array)
#5 D:\Programmer\xampp\htdocs\ci4app\vendor\codeigniter4\framework\system\CodeIgniter.php(914): App\Controllers\Komik->detail('naruto')
#6 D:\Programmer\xampp\htdocs\ci4app\vendor\codeigniter4\framework\system\CodeIgniter.php(400): CodeIgniter\CodeIgniter->runController(Object(App\Controllers\Komik))
#7 D:\Programmer\xampp\htdocs\ci4app\vendor\codeigniter4\framework\system\CodeIgniter.php(308): CodeIgniter\CodeIgniter->handleRequest(NULL, Object(Config\Cache), false)
#8 D:\Programmer\xampp\htdocs\ci4app\public\index.php(45): CodeIgniter\CodeIgniter->run()
#9 D:\Programmer\xampp\htdocs\ci4app\vendor\codeigniter4\framework\system\Commands\Server\rewrite.php(34): require_once('D:\\Programmer\\x...')
#10 {main}
CRITICAL - 2020-06-19 03:05:40 --> Undefined variable: title
#0 D:\Programmer\xampp\htdocs\ci4app\app\Views\layout\template.php(15): CodeIgniter\Debug\Exceptions->errorHandler(8, 'Undefined varia...', 'D:\\Programmer\\x...', 15, Array)
#1 D:\Programmer\xampp\htdocs\ci4app\vendor\codeigniter4\framework\system\View\View.php(246): include('D:\\Programmer\\x...')
#2 D:\Programmer\xampp\htdocs\ci4app\vendor\codeigniter4\framework\system\View\View.php(257): CodeIgniter\View\View->render('layout/template', Array, true)
#3 D:\Programmer\xampp\htdocs\ci4app\vendor\codeigniter4\framework\system\Common.php(1087): CodeIgniter\View\View->render('komik/detail', Array, true)
#4 D:\Programmer\xampp\htdocs\ci4app\app\Controllers\Komik.php(34): view('komik/detail', Array)
#5 D:\Programmer\xampp\htdocs\ci4app\vendor\codeigniter4\framework\system\CodeIgniter.php(914): App\Controllers\Komik->detail('naruto')
#6 D:\Programmer\xampp\htdocs\ci4app\vendor\codeigniter4\framework\system\CodeIgniter.php(400): CodeIgniter\CodeIgniter->runController(Object(App\Controllers\Komik))
#7 D:\Programmer\xampp\htdocs\ci4app\vendor\codeigniter4\framework\system\CodeIgniter.php(308): CodeIgniter\CodeIgniter->handleRequest(NULL, Object(Config\Cache), false)
#8 D:\Programmer\xampp\htdocs\ci4app\public\index.php(45): CodeIgniter\CodeIgniter->run()
#9 D:\Programmer\xampp\htdocs\ci4app\vendor\codeigniter4\framework\system\Commands\Server\rewrite.php(34): require_once('D:\\Programmer\\x...')
#10 {main}
CRITICAL - 2020-06-19 03:05:42 --> Undefined variable: title
#0 D:\Programmer\xampp\htdocs\ci4app\app\Views\layout\template.php(15): CodeIgniter\Debug\Exceptions->errorHandler(8, 'Undefined varia...', 'D:\\Programmer\\x...', 15, Array)
#1 D:\Programmer\xampp\htdocs\ci4app\vendor\codeigniter4\framework\system\View\View.php(246): include('D:\\Programmer\\x...')
#2 D:\Programmer\xampp\htdocs\ci4app\vendor\codeigniter4\framework\system\View\View.php(257): CodeIgniter\View\View->render('layout/template', Array, true)
#3 D:\Programmer\xampp\htdocs\ci4app\vendor\codeigniter4\framework\system\Common.php(1087): CodeIgniter\View\View->render('komik/detail', Array, true)
#4 D:\Programmer\xampp\htdocs\ci4app\app\Controllers\Komik.php(34): view('komik/detail', Array)
#5 D:\Programmer\xampp\htdocs\ci4app\vendor\codeigniter4\framework\system\CodeIgniter.php(914): App\Controllers\Komik->detail('naruto')
#6 D:\Programmer\xampp\htdocs\ci4app\vendor\codeigniter4\framework\system\CodeIgniter.php(400): CodeIgniter\CodeIgniter->runController(Object(App\Controllers\Komik))
#7 D:\Programmer\xampp\htdocs\ci4app\vendor\codeigniter4\framework\system\CodeIgniter.php(308): CodeIgniter\CodeIgniter->handleRequest(NULL, Object(Config\Cache), false)
#8 D:\Programmer\xampp\htdocs\ci4app\public\index.php(45): CodeIgniter\CodeIgniter->run()
#9 D:\Programmer\xampp\htdocs\ci4app\vendor\codeigniter4\framework\system\Commands\Server\rewrite.php(34): require_once('D:\\Programmer\\x...')
#10 {main}
CRITICAL - 2020-06-19 03:08:01 --> Array to string conversion
#0 D:\Programmer\xampp\htdocs\ci4app\app\Views\komik\detail.php(15): CodeIgniter\Debug\Exceptions->errorHandler(8, 'Array to string...', 'D:\\Programmer\\x...', 15, Array)
#1 D:\Programmer\xampp\htdocs\ci4app\vendor\codeigniter4\framework\system\View\View.php(246): include('D:\\Programmer\\x...')
#2 D:\Programmer\xampp\htdocs\ci4app\vendor\codeigniter4\framework\system\Common.php(1087): CodeIgniter\View\View->render('komik/detail', Array, true)
#3 D:\Programmer\xampp\htdocs\ci4app\app\Controllers\Komik.php(34): view('komik/detail', Array)
#4 D:\Programmer\xampp\htdocs\ci4app\vendor\codeigniter4\framework\system\CodeIgniter.php(914): App\Controllers\Komik->detail('naruto')
#5 D:\Programmer\xampp\htdocs\ci4app\vendor\codeigniter4\framework\system\CodeIgniter.php(400): CodeIgniter\CodeIgniter->runController(Object(App\Controllers\Komik))
#6 D:\Programmer\xampp\htdocs\ci4app\vendor\codeigniter4\framework\system\CodeIgniter.php(308): CodeIgniter\CodeIgniter->handleRequest(NULL, Object(Config\Cache), false)
#7 D:\Programmer\xampp\htdocs\ci4app\public\index.php(45): CodeIgniter\CodeIgniter->run()
#8 D:\Programmer\xampp\htdocs\ci4app\vendor\codeigniter4\framework\system\Commands\Server\rewrite.php(34): require_once('D:\\Programmer\\x...')
#9 {main}
CRITICAL - 2020-06-19 22:32:36 --> No connection could be made because the target machine actively refused it.

#0 D:\Programmer\xampp\htdocs\ci4app\vendor\codeigniter4\framework\system\Database\BaseConnection.php(377): CodeIgniter\Database\MySQLi\Connection->connect(false)
#1 D:\Programmer\xampp\htdocs\ci4app\vendor\codeigniter4\framework\system\Database\BaseConnection.php(643): CodeIgniter\Database\BaseConnection->initialize()
#2 D:\Programmer\xampp\htdocs\ci4app\vendor\codeigniter4\framework\system\Database\BaseBuilder.php(1845): CodeIgniter\Database\BaseConnection->query('SELECT *\nFROM `...', Array, false)
#3 D:\Programmer\xampp\htdocs\ci4app\vendor\codeigniter4\framework\system\Model.php(445): CodeIgniter\Database\BaseBuilder->get()
#4 D:\Programmer\xampp\htdocs\ci4app\app\Models\KomikModel.php(15): CodeIgniter\Model->findAll()
#5 D:\Programmer\xampp\htdocs\ci4app\app\Controllers\Komik.php(19): App\Models\KomikModel->getKomik()
#6 D:\Programmer\xampp\htdocs\ci4app\vendor\codeigniter4\framework\system\CodeIgniter.php(914): App\Controllers\Komik->index()
#7 D:\Programmer\xampp\htdocs\ci4app\vendor\codeigniter4\framework\system\CodeIgniter.php(400): CodeIgniter\CodeIgniter->runController(Object(App\Controllers\Komik))
#8 D:\Programmer\xampp\htdocs\ci4app\vendor\codeigniter4\framework\system\CodeIgniter.php(308): CodeIgniter\CodeIgniter->handleRequest(NULL, Object(Config\Cache), false)
#9 D:\Programmer\xampp\htdocs\ci4app\public\index.php(45): CodeIgniter\CodeIgniter->run()
#10 D:\Programmer\xampp\htdocs\ci4app\vendor\codeigniter4\framework\system\Commands\Server\rewrite.php(34): require_once('D:\\Programmer\\x...')
#11 {main}
CRITICAL - 2020-06-19 22:33:42 --> No connection could be made because the target machine actively refused it.

#0 D:\Programmer\xampp\htdocs\ci4app\vendor\codeigniter4\framework\system\Database\BaseConnection.php(377): CodeIgniter\Database\MySQLi\Connection->connect(false)
#1 D:\Programmer\xampp\htdocs\ci4app\vendor\codeigniter4\framework\system\Database\BaseConnection.php(643): CodeIgniter\Database\BaseConnection->initialize()
#2 D:\Programmer\xampp\htdocs\ci4app\vendor\codeigniter4\framework\system\Database\BaseBuilder.php(1845): CodeIgniter\Database\BaseConnection->query('SELECT *\nFROM `...', Array, false)
#3 D:\Programmer\xampp\htdocs\ci4app\vendor\codeigniter4\framework\system\Model.php(445): CodeIgniter\Database\BaseBuilder->get()
#4 D:\Programmer\xampp\htdocs\ci4app\app\Models\KomikModel.php(15): CodeIgniter\Model->findAll()
#5 D:\Programmer\xampp\htdocs\ci4app\app\Controllers\Komik.php(19): App\Models\KomikModel->getKomik()
#6 D:\Programmer\xampp\htdocs\ci4app\vendor\codeigniter4\framework\system\CodeIgniter.php(914): App\Controllers\Komik->index()
#7 D:\Programmer\xampp\htdocs\ci4app\vendor\codeigniter4\framework\system\CodeIgniter.php(400): CodeIgniter\CodeIgniter->runController(Object(App\Controllers\Komik))
#8 D:\Programmer\xampp\htdocs\ci4app\vendor\codeigniter4\framework\system\CodeIgniter.php(308): CodeIgniter\CodeIgniter->handleRequest(NULL, Object(Config\Cache), false)
#9 D:\Programmer\xampp\htdocs\ci4app\public\index.php(45): CodeIgniter\CodeIgniter->run()
#10 D:\Programmer\xampp\htdocs\ci4app\vendor\codeigniter4\framework\system\Commands\Server\rewrite.php(34): require_once('D:\\Programmer\\x...')
#11 {main}
CRITICAL - 2020-06-19 22:34:33 --> No connection could be made because the target machine actively refused it.

#0 D:\Programmer\xampp\htdocs\ci4app\vendor\codeigniter4\framework\system\Database\BaseConnection.php(377): CodeIgniter\Database\MySQLi\Connection->connect(false)
#1 D:\Programmer\xampp\htdocs\ci4app\vendor\codeigniter4\framework\system\Database\BaseConnection.php(643): CodeIgniter\Database\BaseConnection->initialize()
#2 D:\Programmer\xampp\htdocs\ci4app\vendor\codeigniter4\framework\system\Database\BaseBuilder.php(1845): CodeIgniter\Database\BaseConnection->query('SELECT *\nFROM `...', Array, false)
#3 D:\Programmer\xampp\htdocs\ci4app\vendor\codeigniter4\framework\system\Model.php(445): CodeIgniter\Database\BaseBuilder->get()
#4 D:\Programmer\xampp\htdocs\ci4app\app\Models\KomikModel.php(15): CodeIgniter\Model->findAll()
#5 D:\Programmer\xampp\htdocs\ci4app\app\Controllers\Komik.php(19): App\Models\KomikModel->getKomik()
#6 D:\Programmer\xampp\htdocs\ci4app\vendor\codeigniter4\framework\system\CodeIgniter.php(914): App\Controllers\Komik->index()
#7 D:\Programmer\xampp\htdocs\ci4app\vendor\codeigniter4\framework\system\CodeIgniter.php(400): CodeIgniter\CodeIgniter->runController(Object(App\Controllers\Komik))
#8 D:\Programmer\xampp\htdocs\ci4app\vendor\codeigniter4\framework\system\CodeIgniter.php(308): CodeIgniter\CodeIgniter->handleRequest(NULL, Object(Config\Cache), false)
#9 D:\Programmer\xampp\htdocs\ci4app\public\index.php(45): CodeIgniter\CodeIgniter->run()
#10 D:\Programmer\xampp\htdocs\ci4app\vendor\codeigniter4\framework\system\Commands\Server\rewrite.php(34): require_once('D:\\Programmer\\x...')
#11 {main}
CRITICAL - 2020-06-19 22:47:41 --> Call to undefined method App\Models\AnimeModel::getAnime
#0 D:\Programmer\xampp\htdocs\ci4app\app\Controllers\Anime.php(19): CodeIgniter\Model->__call('getAnime', Array)
#1 D:\Programmer\xampp\htdocs\ci4app\vendor\codeigniter4\framework\system\CodeIgniter.php(914): App\Controllers\Anime->index()
#2 D:\Programmer\xampp\htdocs\ci4app\vendor\codeigniter4\framework\system\CodeIgniter.php(400): CodeIgniter\CodeIgniter->runController(Object(App\Controllers\Anime))
#3 D:\Programmer\xampp\htdocs\ci4app\vendor\codeigniter4\framework\system\CodeIgniter.php(308): CodeIgniter\CodeIgniter->handleRequest(NULL, Object(Config\Cache), false)
#4 D:\Programmer\xampp\htdocs\ci4app\public\index.php(45): CodeIgniter\CodeIgniter->run()
#5 D:\Programmer\xampp\htdocs\ci4app\vendor\codeigniter4\framework\system\Commands\Server\rewrite.php(34): require_once('D:\\Programmer\\x...')
#6 {main}
CRITICAL - 2020-06-19 22:50:47 --> Trying to access array offset on value of type null
#0 D:\Programmer\xampp\htdocs\ci4app\app\Views\anime\detail.php(11): CodeIgniter\Debug\Exceptions->errorHandler(8, 'Trying to acces...', 'D:\\Programmer\\x...', 11, Array)
#1 D:\Programmer\xampp\htdocs\ci4app\vendor\codeigniter4\framework\system\View\View.php(246): include('D:\\Programmer\\x...')
#2 D:\Programmer\xampp\htdocs\ci4app\vendor\codeigniter4\framework\system\Common.php(1087): CodeIgniter\View\View->render('anime/detail', Array, true)
#3 D:\Programmer\xampp\htdocs\ci4app\app\Controllers\Anime.php(34): view('anime/detail', Array)
#4 D:\Programmer\xampp\htdocs\ci4app\vendor\codeigniter4\framework\system\CodeIgniter.php(914): App\Controllers\Anime->detail('index')
#5 D:\Programmer\xampp\htdocs\ci4app\vendor\codeigniter4\framework\system\CodeIgniter.php(400): CodeIgniter\CodeIgniter->runController(Object(App\Controllers\Anime))
#6 D:\Programmer\xampp\htdocs\ci4app\vendor\codeigniter4\framework\system\CodeIgniter.php(308): CodeIgniter\CodeIgniter->handleRequest(NULL, Object(Config\Cache), false)
#7 D:\Programmer\xampp\htdocs\ci4app\public\index.php(45): CodeIgniter\CodeIgniter->run()
#8 D:\Programmer\xampp\htdocs\ci4app\vendor\codeigniter4\framework\system\Commands\Server\rewrite.php(34): require_once('D:\\Programmer\\x...')
#9 {main}
CRITICAL - 2020-06-19 22:51:55 --> Trying to access array offset on value of type null
#0 D:\Programmer\xampp\htdocs\ci4app\app\Views\anime\detail.php(11): CodeIgniter\Debug\Exceptions->errorHandler(8, 'Trying to acces...', 'D:\\Programmer\\x...', 11, Array)
#1 D:\Programmer\xampp\htdocs\ci4app\vendor\codeigniter4\framework\system\View\View.php(246): include('D:\\Programmer\\x...')
#2 D:\Programmer\xampp\htdocs\ci4app\vendor\codeigniter4\framework\system\Common.php(1087): CodeIgniter\View\View->render('anime/detail', Array, true)
#3 D:\Programmer\xampp\htdocs\ci4app\app\Controllers\Anime.php(34): view('anime/detail', Array)
#4 D:\Programmer\xampp\htdocs\ci4app\vendor\codeigniter4\framework\system\CodeIgniter.php(914): App\Controllers\Anime->detail('index')
#5 D:\Programmer\xampp\htdocs\ci4app\vendor\codeigniter4\framework\system\CodeIgniter.php(400): CodeIgniter\CodeIgniter->runController(Object(App\Controllers\Anime))
#6 D:\Programmer\xampp\htdocs\ci4app\vendor\codeigniter4\framework\system\CodeIgniter.php(308): CodeIgniter\CodeIgniter->handleRequest(NULL, Object(Config\Cache), false)
#7 D:\Programmer\xampp\htdocs\ci4app\public\index.php(45): CodeIgniter\CodeIgniter->run()
#8 D:\Programmer\xampp\htdocs\ci4app\vendor\codeigniter4\framework\system\Commands\Server\rewrite.php(34): require_once('D:\\Programmer\\x...')
#9 {main}
CRITICAL - 2020-06-19 22:51:56 --> Trying to access array offset on value of type null
#0 D:\Programmer\xampp\htdocs\ci4app\app\Views\anime\detail.php(11): CodeIgniter\Debug\Exceptions->errorHandler(8, 'Trying to acces...', 'D:\\Programmer\\x...', 11, Array)
#1 D:\Programmer\xampp\htdocs\ci4app\vendor\codeigniter4\framework\system\View\View.php(246): include('D:\\Programmer\\x...')
#2 D:\Programmer\xampp\htdocs\ci4app\vendor\codeigniter4\framework\system\Common.php(1087): CodeIgniter\View\View->render('anime/detail', Array, true)
#3 D:\Programmer\xampp\htdocs\ci4app\app\Controllers\Anime.php(34): view('anime/detail', Array)
#4 D:\Programmer\xampp\htdocs\ci4app\vendor\codeigniter4\framework\system\CodeIgniter.php(914): App\Controllers\Anime->detail('index')
#5 D:\Programmer\xampp\htdocs\ci4app\vendor\codeigniter4\framework\system\CodeIgniter.php(400): CodeIgniter\CodeIgniter->runController(Object(App\Controllers\Anime))
#6 D:\Programmer\xampp\htdocs\ci4app\vendor\codeigniter4\framework\system\CodeIgniter.php(308): CodeIgniter\CodeIgniter->handleRequest(NULL, Object(Config\Cache), false)
#7 D:\Programmer\xampp\htdocs\ci4app\public\index.php(45): CodeIgniter\CodeIgniter->run()
#8 D:\Programmer\xampp\htdocs\ci4app\vendor\codeigniter4\framework\system\Commands\Server\rewrite.php(34): require_once('D:\\Programmer\\x...')
#9 {main}
